<?xml version="1.0" encoding="UTF-8"?>
<testsuite name="com.example.demo.DemoApplicationTests" tests="1" skipped="0" failures="0" errors="0" timestamp="2025-02-09T07:15:08" hostname="DESKTOP-5AUDUKS" time="0.234">
  <properties/>
  <testcase name="transfer should return true when successful()" classname="com.example.demo.DemoApplicationTests" time="0.234"/>
  <system-out><![CDATA[16:14:47.017 [Test worker] INFO org.springframework.test.context.support.AnnotationConfigContextLoaderUtils -- Could not detect default configuration classes for test class [com.example.demo.DemoApplicationTests]: DemoApplicationTests does not declare any static, non-private, non-final, nested classes annotated with @Configuration.
16:14:47.193 [Test worker] INFO org.springframework.boot.test.context.SpringBootTestContextBootstrapper -- Found @SpringBootConfiguration com.example.demo.LoginApplication for test class com.example.demo.DemoApplicationTests

  .   ____          _            __ _ _
 /\\ / ___'_ __ _ _(_)_ __  __ _ \ \ \ \
( ( )\___ | '_ | '_| | '_ \/ _` | \ \ \ \
 \\/  ___)| |_)| | | | | || (_| |  ) ) ) )
  '  |____| .__|_| |_|_| |_\__, | / / / /
 =========|_|==============|___/=/_/_/_/

 :: Spring Boot ::                (v3.4.1)

2025-02-09T16:14:47.648+09:00  INFO 5580 --- [demo] [    Test worker] com.example.demo.DemoApplicationTests    : Starting DemoApplicationTests using Java 17.0.13 with PID 5580 (started by my in C:\Users\my\Downloads\login_spring\demo)
2025-02-09T16:14:47.650+09:00  INFO 5580 --- [demo] [    Test worker] com.example.demo.DemoApplicationTests    : No active profile set, falling back to 1 default profile: "default"
2025-02-09T16:14:48.556+09:00  INFO 5580 --- [demo] [    Test worker] .s.d.r.c.RepositoryConfigurationDelegate : Bootstrapping Spring Data JPA repositories in DEFAULT mode.
2025-02-09T16:14:48.615+09:00  INFO 5580 --- [demo] [    Test worker] .s.d.r.c.RepositoryConfigurationDelegate : Finished Spring Data repository scanning in 46 ms. Found 1 JPA repository interface.
2025-02-09T16:14:49.095+09:00  INFO 5580 --- [demo] [    Test worker] org.testcontainers.images.PullPolicy     : Image pull policy will be performed by: DefaultPullPolicy()
2025-02-09T16:14:49.101+09:00  INFO 5580 --- [demo] [    Test worker] o.t.utility.ImageNameSubstitutor         : Image name substitution will be performed by: DefaultImageNameSubstitutor (composite of 'ConfigurationFileImageNameSubstitutor' and 'PrefixingImageNameSubstitutor')
2025-02-09T16:14:49.131+09:00  INFO 5580 --- [demo] [    Test worker] org.testcontainers.DockerClientFactory   : Testcontainers version: 1.20.4
2025-02-09T16:14:49.392+09:00  INFO 5580 --- [demo] [    Test worker] o.t.d.DockerClientProviderStrategy       : Loaded org.testcontainers.dockerclient.NpipeSocketClientProviderStrategy from ~/.testcontainers.properties, will try it first
2025-02-09T16:14:49.757+09:00  INFO 5580 --- [demo] [    Test worker] o.t.d.DockerClientProviderStrategy       : Found Docker environment with local Npipe socket (npipe:////./pipe/docker_engine)
2025-02-09T16:14:49.759+09:00  INFO 5580 --- [demo] [    Test worker] org.testcontainers.DockerClientFactory   : Docker host IP address is localhost
2025-02-09T16:14:49.782+09:00  INFO 5580 --- [demo] [    Test worker] org.testcontainers.DockerClientFactory   : Connected to docker: 
  Server Version: 27.4.0
  API Version: 1.47
  Operating System: Docker Desktop
  Total Memory: 7893 MB
  Labels: 
    com.docker.desktop.address=npipe://\\.\pipe\docker_cli
2025-02-09T16:14:49.885+09:00  INFO 5580 --- [demo] [    Test worker] tc.testcontainers/ryuk:0.11.0            : Creating container for image: testcontainers/ryuk:0.11.0
2025-02-09T16:14:50.323+09:00  INFO 5580 --- [demo] [    Test worker] tc.testcontainers/ryuk:0.11.0            : Container testcontainers/ryuk:0.11.0 is starting: 14486a9a1735168ddcaac9f3016b0ea4b6633a7e536b88b1220b4ffb9cc2e1b1
2025-02-09T16:14:51.000+09:00  INFO 5580 --- [demo] [    Test worker] tc.testcontainers/ryuk:0.11.0            : Container testcontainers/ryuk:0.11.0 started in PT1.1153386S
2025-02-09T16:14:51.007+09:00  INFO 5580 --- [demo] [    Test worker] o.t.utility.RyukResourceReaper           : Ryuk started - will monitor and terminate Testcontainers containers on JVM exit
2025-02-09T16:14:51.007+09:00  INFO 5580 --- [demo] [    Test worker] org.testcontainers.DockerClientFactory   : Checking the system...
2025-02-09T16:14:51.008+09:00  INFO 5580 --- [demo] [    Test worker] org.testcontainers.DockerClientFactory   : ✔︎ Docker server version should be at least 1.6.0
2025-02-09T16:14:51.011+09:00  INFO 5580 --- [demo] [    Test worker] tc.mysql:latest                          : Creating container for image: mysql:latest
2025-02-09T16:14:51.226+09:00  INFO 5580 --- [demo] [    Test worker] tc.mysql:latest                          : Container mysql:latest is starting: 4c0eae2dcdc782d79076cae06e4234be7fa6b9267f86046e83699b0f04bf0b49
2025-02-09T16:14:51.674+09:00  INFO 5580 --- [demo] [    Test worker] tc.mysql:latest                          : Waiting for database connection to become available at jdbc:mysql://localhost:10603/test using query 'SELECT 1'
2025-02-09T16:15:04.505+09:00  INFO 5580 --- [demo] [    Test worker] tc.mysql:latest                          : Container mysql:latest started in PT13.4936593S
2025-02-09T16:15:04.505+09:00  INFO 5580 --- [demo] [    Test worker] tc.mysql:latest                          : Container is started (JDBC URL: jdbc:mysql://localhost:10603/test)
2025-02-09T16:15:04.660+09:00  INFO 5580 --- [demo] [    Test worker] o.hibernate.jpa.internal.util.LogHelper  : HHH000204: Processing PersistenceUnitInfo [name: default]
2025-02-09T16:15:04.746+09:00  INFO 5580 --- [demo] [    Test worker] org.hibernate.Version                    : HHH000412: Hibernate ORM core version 6.6.4.Final
2025-02-09T16:15:04.795+09:00  INFO 5580 --- [demo] [    Test worker] o.h.c.internal.RegionFactoryInitiator    : HHH000026: Second-level cache disabled
2025-02-09T16:15:05.158+09:00  INFO 5580 --- [demo] [    Test worker] o.s.o.j.p.SpringPersistenceUnitInfo      : No LoadTimeWeaver setup: ignoring JPA class transformer
2025-02-09T16:15:05.203+09:00  INFO 5580 --- [demo] [    Test worker] com.zaxxer.hikari.HikariDataSource       : HikariPool-1 - Starting...
2025-02-09T16:15:05.331+09:00  INFO 5580 --- [demo] [    Test worker] com.zaxxer.hikari.pool.HikariPool        : HikariPool-1 - Added connection com.mysql.cj.jdbc.ConnectionImpl@3a359f7c
2025-02-09T16:15:05.332+09:00  INFO 5580 --- [demo] [    Test worker] com.zaxxer.hikari.HikariDataSource       : HikariPool-1 - Start completed.
2025-02-09T16:15:05.407+09:00  INFO 5580 --- [demo] [    Test worker] org.hibernate.orm.connections.pooling    : HHH10001005: Database info:
	Database JDBC URL [Connecting through datasource 'HikariDataSource (HikariPool-1)']
	Database driver: undefined/unknown
	Database version: 9.2
	Autocommit mode: undefined/unknown
	Isolation level: undefined/unknown
	Minimum pool size: undefined/unknown
	Maximum pool size: undefined/unknown
2025-02-09T16:15:06.311+09:00  INFO 5580 --- [demo] [    Test worker] o.h.e.t.j.p.i.JtaPlatformInitiator       : HHH000489: No JTA platform available (set 'hibernate.transaction.jta.platform' to enable JTA platform integration)
2025-02-09T16:15:06.488+09:00  INFO 5580 --- [demo] [    Test worker] j.LocalContainerEntityManagerFactoryBean : Initialized JPA EntityManagerFactory for persistence unit 'default'
2025-02-09T16:15:06.919+09:00  INFO 5580 --- [demo] [    Test worker] o.s.d.j.r.query.QueryEnhancerFactory     : Hibernate is in classpath; If applicable, HQL parser will be used.
2025-02-09T16:15:07.094+09:00  WARN 5580 --- [demo] [    Test worker] JpaBaseConfiguration$JpaWebConfiguration : spring.jpa.open-in-view is enabled by default. Therefore, database queries may be performed during view rendering. Explicitly configure spring.jpa.open-in-view to disable this warning
2025-02-09T16:15:07.540+09:00  INFO 5580 --- [demo] [    Test worker] com.example.demo.DemoApplicationTests    : Started DemoApplicationTests in 20.19 seconds (process running for 21.648)
]]></system-out>
  <system-err><![CDATA[]]></system-err>
</testsuite>
