<?xml version="1.0" encoding="UTF-8"?>
<testsuite name="com.example.demo.DemoApplicationTests" tests="1" skipped="0" failures="0" errors="0" timestamp="2025-02-01T04:21:05" hostname="DESKTOP-5AUDUKS" time="0.423">
  <properties/>
  <testcase name="contextLoads()" classname="com.example.demo.DemoApplicationTests" time="0.423"/>
  <system-out><![CDATA[13:20:45.144 [Test worker] INFO org.springframework.test.context.support.AnnotationConfigContextLoaderUtils -- Could not detect default configuration classes for test class [com.example.demo.DemoApplicationTests]: DemoApplicationTests does not declare any static, non-private, non-final, nested classes annotated with @Configuration.
13:20:45.314 [Test worker] INFO org.springframework.boot.test.context.SpringBootTestContextBootstrapper -- Found @SpringBootConfiguration com.example.demo.LoginApplication for test class com.example.demo.DemoApplicationTests

  .   ____          _            __ _ _
 /\\ / ___'_ __ _ _(_)_ __  __ _ \ \ \ \
( ( )\___ | '_ | '_| | '_ \/ _` | \ \ \ \
 \\/  ___)| |_)| | | | | || (_| |  ) ) ) )
  '  |____| .__|_| |_|_| |_\__, | / / / /
 =========|_|==============|___/=/_/_/_/

 :: Spring Boot ::                (v3.4.1)

2025-02-01T13:20:45.754+09:00  INFO 3880 --- [demo] [    Test worker] com.example.demo.DemoApplicationTests    : Starting DemoApplicationTests using Java 17.0.13 with PID 3880 (started by my in C:\Users\my\Downloads\login_spring\demo)
2025-02-01T13:20:45.756+09:00  INFO 3880 --- [demo] [    Test worker] com.example.demo.DemoApplicationTests    : No active profile set, falling back to 1 default profile: "default"
2025-02-01T13:20:46.561+09:00  INFO 3880 --- [demo] [    Test worker] .s.d.r.c.RepositoryConfigurationDelegate : Bootstrapping Spring Data JPA repositories in DEFAULT mode.
2025-02-01T13:20:46.617+09:00  INFO 3880 --- [demo] [    Test worker] .s.d.r.c.RepositoryConfigurationDelegate : Finished Spring Data repository scanning in 45 ms. Found 1 JPA repository interface.
2025-02-01T13:20:46.968+09:00  INFO 3880 --- [demo] [    Test worker] org.testcontainers.images.PullPolicy     : Image pull policy will be performed by: DefaultPullPolicy()
2025-02-01T13:20:46.973+09:00  INFO 3880 --- [demo] [    Test worker] o.t.utility.ImageNameSubstitutor         : Image name substitution will be performed by: DefaultImageNameSubstitutor (composite of 'ConfigurationFileImageNameSubstitutor' and 'PrefixingImageNameSubstitutor')
2025-02-01T13:20:46.995+09:00  INFO 3880 --- [demo] [    Test worker] org.testcontainers.DockerClientFactory   : Testcontainers version: 1.20.4
2025-02-01T13:20:47.181+09:00  INFO 3880 --- [demo] [    Test worker] o.t.d.DockerClientProviderStrategy       : Loaded org.testcontainers.dockerclient.NpipeSocketClientProviderStrategy from ~/.testcontainers.properties, will try it first
2025-02-01T13:20:47.440+09:00  INFO 3880 --- [demo] [    Test worker] o.t.d.DockerClientProviderStrategy       : Found Docker environment with local Npipe socket (npipe:////./pipe/docker_engine)
2025-02-01T13:20:47.442+09:00  INFO 3880 --- [demo] [    Test worker] org.testcontainers.DockerClientFactory   : Docker host IP address is localhost
2025-02-01T13:20:47.452+09:00  INFO 3880 --- [demo] [    Test worker] org.testcontainers.DockerClientFactory   : Connected to docker: 
  Server Version: 27.4.0
  API Version: 1.47
  Operating System: Docker Desktop
  Total Memory: 7893 MB
  Labels: 
    com.docker.desktop.address=npipe://\\.\pipe\docker_cli
2025-02-01T13:20:47.474+09:00  INFO 3880 --- [demo] [    Test worker] tc.testcontainers/ryuk:0.11.0            : Creating container for image: testcontainers/ryuk:0.11.0
2025-02-01T13:20:47.837+09:00  INFO 3880 --- [demo] [    Test worker] tc.testcontainers/ryuk:0.11.0            : Container testcontainers/ryuk:0.11.0 is starting: 22c9c98fbf7c9c7d58eeb8643540a777aaea1a356da04463691229b25381da2a
2025-02-01T13:20:48.376+09:00  INFO 3880 --- [demo] [    Test worker] tc.testcontainers/ryuk:0.11.0            : Container testcontainers/ryuk:0.11.0 started in PT0.9013377S
2025-02-01T13:20:48.381+09:00  INFO 3880 --- [demo] [    Test worker] o.t.utility.RyukResourceReaper           : Ryuk started - will monitor and terminate Testcontainers containers on JVM exit
2025-02-01T13:20:48.381+09:00  INFO 3880 --- [demo] [    Test worker] org.testcontainers.DockerClientFactory   : Checking the system...
2025-02-01T13:20:48.382+09:00  INFO 3880 --- [demo] [    Test worker] org.testcontainers.DockerClientFactory   : ✔︎ Docker server version should be at least 1.6.0
2025-02-01T13:20:48.385+09:00  INFO 3880 --- [demo] [    Test worker] tc.mysql:latest                          : Creating container for image: mysql:latest
2025-02-01T13:20:48.693+09:00  INFO 3880 --- [demo] [    Test worker] tc.mysql:latest                          : Container mysql:latest is starting: 3bbd9c328a5d01eeb7d32ddc59bea6df754a8a8c0d59465922f09dc688f1d1d6
2025-02-01T13:20:49.043+09:00  INFO 3880 --- [demo] [    Test worker] tc.mysql:latest                          : Waiting for database connection to become available at jdbc:mysql://localhost:2636/test using query 'SELECT 1'
2025-02-01T13:21:02.445+09:00  INFO 3880 --- [demo] [    Test worker] tc.mysql:latest                          : Container mysql:latest started in PT14.0608485S
2025-02-01T13:21:02.446+09:00  INFO 3880 --- [demo] [    Test worker] tc.mysql:latest                          : Container is started (JDBC URL: jdbc:mysql://localhost:2636/test)
2025-02-01T13:21:02.592+09:00  INFO 3880 --- [demo] [    Test worker] o.hibernate.jpa.internal.util.LogHelper  : HHH000204: Processing PersistenceUnitInfo [name: default]
2025-02-01T13:21:02.671+09:00  INFO 3880 --- [demo] [    Test worker] org.hibernate.Version                    : HHH000412: Hibernate ORM core version 6.6.4.Final
2025-02-01T13:21:02.716+09:00  INFO 3880 --- [demo] [    Test worker] o.h.c.internal.RegionFactoryInitiator    : HHH000026: Second-level cache disabled
2025-02-01T13:21:03.042+09:00  INFO 3880 --- [demo] [    Test worker] o.s.o.j.p.SpringPersistenceUnitInfo      : No LoadTimeWeaver setup: ignoring JPA class transformer
2025-02-01T13:21:03.078+09:00  INFO 3880 --- [demo] [    Test worker] com.zaxxer.hikari.HikariDataSource       : HikariPool-1 - Starting...
2025-02-01T13:21:03.198+09:00  INFO 3880 --- [demo] [    Test worker] com.zaxxer.hikari.pool.HikariPool        : HikariPool-1 - Added connection com.mysql.cj.jdbc.ConnectionImpl@5e6bbe63
2025-02-01T13:21:03.200+09:00  INFO 3880 --- [demo] [    Test worker] com.zaxxer.hikari.HikariDataSource       : HikariPool-1 - Start completed.
2025-02-01T13:21:03.271+09:00  INFO 3880 --- [demo] [    Test worker] org.hibernate.orm.connections.pooling    : HHH10001005: Database info:
	Database JDBC URL [Connecting through datasource 'HikariDataSource (HikariPool-1)']
	Database driver: undefined/unknown
	Database version: 9.2
	Autocommit mode: undefined/unknown
	Isolation level: undefined/unknown
	Minimum pool size: undefined/unknown
	Maximum pool size: undefined/unknown
2025-02-01T13:21:04.100+09:00  INFO 3880 --- [demo] [    Test worker] o.h.e.t.j.p.i.JtaPlatformInitiator       : HHH000489: No JTA platform available (set 'hibernate.transaction.jta.platform' to enable JTA platform integration)
2025-02-01T13:21:04.271+09:00  INFO 3880 --- [demo] [    Test worker] j.LocalContainerEntityManagerFactoryBean : Initialized JPA EntityManagerFactory for persistence unit 'default'
2025-02-01T13:21:04.665+09:00  INFO 3880 --- [demo] [    Test worker] o.s.d.j.r.query.QueryEnhancerFactory     : Hibernate is in classpath; If applicable, HQL parser will be used.
2025-02-01T13:21:04.813+09:00  WARN 3880 --- [demo] [    Test worker] JpaBaseConfiguration$JpaWebConfiguration : spring.jpa.open-in-view is enabled by default. Therefore, database queries may be performed during view rendering. Explicitly configure spring.jpa.open-in-view to disable this warning
2025-02-01T13:21:05.216+09:00  INFO 3880 --- [demo] [    Test worker] com.example.demo.DemoApplicationTests    : Started DemoApplicationTests in 19.743 seconds (process running for 21.056)
]]></system-out>
  <system-err><![CDATA[]]></system-err>
</testsuite>
