<?xml version="1.0" encoding="UTF-8"?>
<testsuite name="com.example.demo.DemoApplicationTests" tests="1" skipped="0" failures="0" errors="0" timestamp="2025-02-09T07:24:40" hostname="DESKTOP-5AUDUKS" time="0.233">
  <properties/>
  <testcase name="transfer should return true when successful()" classname="com.example.demo.DemoApplicationTests" time="0.233"/>
  <system-out><![CDATA[16:24:20.548 [Test worker] INFO org.springframework.test.context.support.AnnotationConfigContextLoaderUtils -- Could not detect default configuration classes for test class [com.example.demo.DemoApplicationTests]: DemoApplicationTests does not declare any static, non-private, non-final, nested classes annotated with @Configuration.
16:24:20.717 [Test worker] INFO org.springframework.boot.test.context.SpringBootTestContextBootstrapper -- Found @SpringBootConfiguration com.example.demo.LoginApplication for test class com.example.demo.DemoApplicationTests

  .   ____          _            __ _ _
 /\\ / ___'_ __ _ _(_)_ __  __ _ \ \ \ \
( ( )\___ | '_ | '_| | '_ \/ _` | \ \ \ \
 \\/  ___)| |_)| | | | | || (_| |  ) ) ) )
  '  |____| .__|_| |_|_| |_\__, | / / / /
 =========|_|==============|___/=/_/_/_/

 :: Spring Boot ::                (v3.4.1)

2025-02-09T16:24:21.147+09:00  INFO 22084 --- [demo] [    Test worker] com.example.demo.DemoApplicationTests    : Starting DemoApplicationTests using Java 17.0.13 with PID 22084 (started by my in C:\Users\my\Downloads\login_spring\demo)
2025-02-09T16:24:21.149+09:00  INFO 22084 --- [demo] [    Test worker] com.example.demo.DemoApplicationTests    : No active profile set, falling back to 1 default profile: "default"
2025-02-09T16:24:21.925+09:00  INFO 22084 --- [demo] [    Test worker] .s.d.r.c.RepositoryConfigurationDelegate : Bootstrapping Spring Data JPA repositories in DEFAULT mode.
2025-02-09T16:24:21.981+09:00  INFO 22084 --- [demo] [    Test worker] .s.d.r.c.RepositoryConfigurationDelegate : Finished Spring Data repository scanning in 44 ms. Found 1 JPA repository interface.
2025-02-09T16:24:22.327+09:00  INFO 22084 --- [demo] [    Test worker] org.testcontainers.images.PullPolicy     : Image pull policy will be performed by: DefaultPullPolicy()
2025-02-09T16:24:22.332+09:00  INFO 22084 --- [demo] [    Test worker] o.t.utility.ImageNameSubstitutor         : Image name substitution will be performed by: DefaultImageNameSubstitutor (composite of 'ConfigurationFileImageNameSubstitutor' and 'PrefixingImageNameSubstitutor')
2025-02-09T16:24:22.357+09:00  INFO 22084 --- [demo] [    Test worker] org.testcontainers.DockerClientFactory   : Testcontainers version: 1.20.4
2025-02-09T16:24:22.550+09:00  INFO 22084 --- [demo] [    Test worker] o.t.d.DockerClientProviderStrategy       : Loaded org.testcontainers.dockerclient.NpipeSocketClientProviderStrategy from ~/.testcontainers.properties, will try it first
2025-02-09T16:24:22.821+09:00  INFO 22084 --- [demo] [    Test worker] o.t.d.DockerClientProviderStrategy       : Found Docker environment with local Npipe socket (npipe:////./pipe/docker_engine)
2025-02-09T16:24:22.823+09:00  INFO 22084 --- [demo] [    Test worker] org.testcontainers.DockerClientFactory   : Docker host IP address is localhost
2025-02-09T16:24:22.838+09:00  INFO 22084 --- [demo] [    Test worker] org.testcontainers.DockerClientFactory   : Connected to docker: 
  Server Version: 27.4.0
  API Version: 1.47
  Operating System: Docker Desktop
  Total Memory: 7893 MB
  Labels: 
    com.docker.desktop.address=npipe://\\.\pipe\docker_cli
2025-02-09T16:24:22.925+09:00  INFO 22084 --- [demo] [    Test worker] tc.testcontainers/ryuk:0.11.0            : Creating container for image: testcontainers/ryuk:0.11.0
2025-02-09T16:24:23.241+09:00  INFO 22084 --- [demo] [    Test worker] tc.testcontainers/ryuk:0.11.0            : Container testcontainers/ryuk:0.11.0 is starting: a52fabd84320c481377089501e516e3199637039a9b7d38a636ee82cac921ef2
2025-02-09T16:24:23.639+09:00  INFO 22084 --- [demo] [    Test worker] tc.testcontainers/ryuk:0.11.0            : Container testcontainers/ryuk:0.11.0 started in PT0.7141175S
2025-02-09T16:24:23.643+09:00  INFO 22084 --- [demo] [    Test worker] o.t.utility.RyukResourceReaper           : Ryuk started - will monitor and terminate Testcontainers containers on JVM exit
2025-02-09T16:24:23.643+09:00  INFO 22084 --- [demo] [    Test worker] org.testcontainers.DockerClientFactory   : Checking the system...
2025-02-09T16:24:23.644+09:00  INFO 22084 --- [demo] [    Test worker] org.testcontainers.DockerClientFactory   : ✔︎ Docker server version should be at least 1.6.0
2025-02-09T16:24:23.647+09:00  INFO 22084 --- [demo] [    Test worker] tc.mysql:latest                          : Creating container for image: mysql:latest
2025-02-09T16:24:23.836+09:00  INFO 22084 --- [demo] [    Test worker] tc.mysql:latest                          : Container mysql:latest is starting: 7c60acd8eec5734dae71f9262b56af62eabe271294fbd7e4175d209568a89578
2025-02-09T16:24:24.149+09:00  INFO 22084 --- [demo] [    Test worker] tc.mysql:latest                          : Waiting for database connection to become available at jdbc:mysql://localhost:10971/test using query 'SELECT 1'
2025-02-09T16:24:36.551+09:00  INFO 22084 --- [demo] [    Test worker] tc.mysql:latest                          : Container mysql:latest started in PT12.9040616S
2025-02-09T16:24:36.551+09:00  INFO 22084 --- [demo] [    Test worker] tc.mysql:latest                          : Container is started (JDBC URL: jdbc:mysql://localhost:10971/test)
2025-02-09T16:24:36.692+09:00  INFO 22084 --- [demo] [    Test worker] o.hibernate.jpa.internal.util.LogHelper  : HHH000204: Processing PersistenceUnitInfo [name: default]
2025-02-09T16:24:36.767+09:00  INFO 22084 --- [demo] [    Test worker] org.hibernate.Version                    : HHH000412: Hibernate ORM core version 6.6.4.Final
2025-02-09T16:24:36.813+09:00  INFO 22084 --- [demo] [    Test worker] o.h.c.internal.RegionFactoryInitiator    : HHH000026: Second-level cache disabled
2025-02-09T16:24:37.150+09:00  INFO 22084 --- [demo] [    Test worker] o.s.o.j.p.SpringPersistenceUnitInfo      : No LoadTimeWeaver setup: ignoring JPA class transformer
2025-02-09T16:24:37.188+09:00  INFO 22084 --- [demo] [    Test worker] com.zaxxer.hikari.HikariDataSource       : HikariPool-1 - Starting...
2025-02-09T16:24:37.303+09:00  INFO 22084 --- [demo] [    Test worker] com.zaxxer.hikari.pool.HikariPool        : HikariPool-1 - Added connection com.mysql.cj.jdbc.ConnectionImpl@25e203e6
2025-02-09T16:24:37.305+09:00  INFO 22084 --- [demo] [    Test worker] com.zaxxer.hikari.HikariDataSource       : HikariPool-1 - Start completed.
2025-02-09T16:24:37.442+09:00  INFO 22084 --- [demo] [    Test worker] org.hibernate.orm.connections.pooling    : HHH10001005: Database info:
	Database JDBC URL [Connecting through datasource 'HikariDataSource (HikariPool-1)']
	Database driver: undefined/unknown
	Database version: 9.2
	Autocommit mode: undefined/unknown
	Isolation level: undefined/unknown
	Minimum pool size: undefined/unknown
	Maximum pool size: undefined/unknown
2025-02-09T16:24:38.295+09:00  INFO 22084 --- [demo] [    Test worker] o.h.e.t.j.p.i.JtaPlatformInitiator       : HHH000489: No JTA platform available (set 'hibernate.transaction.jta.platform' to enable JTA platform integration)
2025-02-09T16:24:38.456+09:00  INFO 22084 --- [demo] [    Test worker] j.LocalContainerEntityManagerFactoryBean : Initialized JPA EntityManagerFactory for persistence unit 'default'
2025-02-09T16:24:38.867+09:00  INFO 22084 --- [demo] [    Test worker] o.s.d.j.r.query.QueryEnhancerFactory     : Hibernate is in classpath; If applicable, HQL parser will be used.
2025-02-09T16:24:39.037+09:00  WARN 22084 --- [demo] [    Test worker] JpaBaseConfiguration$JpaWebConfiguration : spring.jpa.open-in-view is enabled by default. Therefore, database queries may be performed during view rendering. Explicitly configure spring.jpa.open-in-view to disable this warning
2025-02-09T16:24:39.455+09:00  INFO 22084 --- [demo] [    Test worker] com.example.demo.DemoApplicationTests    : Started DemoApplicationTests in 18.581 seconds (process running for 19.868)
]]></system-out>
  <system-err><![CDATA[]]></system-err>
</testsuite>
