<?xml version="1.0" encoding="UTF-8"?>
<testsuite name="com.example.demo.DemoApplicationTests" tests="1" skipped="0" failures="0" errors="0" timestamp="2025-01-30T06:33:01" hostname="DESKTOP-5AUDUKS" time="0.416">
  <properties/>
  <testcase name="contextLoads()" classname="com.example.demo.DemoApplicationTests" time="0.416"/>
  <system-out><![CDATA[15:32:43.348 [Test worker] INFO org.springframework.test.context.support.AnnotationConfigContextLoaderUtils -- Could not detect default configuration classes for test class [com.example.demo.DemoApplicationTests]: DemoApplicationTests does not declare any static, non-private, non-final, nested classes annotated with @Configuration.
15:32:43.523 [Test worker] INFO org.springframework.boot.test.context.SpringBootTestContextBootstrapper -- Found @SpringBootConfiguration com.example.demo.LoginApplication for test class com.example.demo.DemoApplicationTests

  .   ____          _            __ _ _
 /\\ / ___'_ __ _ _(_)_ __  __ _ \ \ \ \
( ( )\___ | '_ | '_| | '_ \/ _` | \ \ \ \
 \\/  ___)| |_)| | | | | || (_| |  ) ) ) )
  '  |____| .__|_| |_|_| |_\__, | / / / /
 =========|_|==============|___/=/_/_/_/

 :: Spring Boot ::                (v3.4.1)

2025-01-30T15:32:43.967+09:00  INFO 22108 --- [demo] [    Test worker] com.example.demo.DemoApplicationTests    : Starting DemoApplicationTests using Java 17.0.13 with PID 22108 (started by my in C:\Users\my\Downloads\login_spring\demo)
2025-01-30T15:32:43.969+09:00  INFO 22108 --- [demo] [    Test worker] com.example.demo.DemoApplicationTests    : No active profile set, falling back to 1 default profile: "default"
2025-01-30T15:32:44.760+09:00  INFO 22108 --- [demo] [    Test worker] .s.d.r.c.RepositoryConfigurationDelegate : Bootstrapping Spring Data JPA repositories in DEFAULT mode.
2025-01-30T15:32:44.817+09:00  INFO 22108 --- [demo] [    Test worker] .s.d.r.c.RepositoryConfigurationDelegate : Finished Spring Data repository scanning in 46 ms. Found 1 JPA repository interface.
2025-01-30T15:32:45.171+09:00  INFO 22108 --- [demo] [    Test worker] org.testcontainers.images.PullPolicy     : Image pull policy will be performed by: DefaultPullPolicy()
2025-01-30T15:32:45.175+09:00  INFO 22108 --- [demo] [    Test worker] o.t.utility.ImageNameSubstitutor         : Image name substitution will be performed by: DefaultImageNameSubstitutor (composite of 'ConfigurationFileImageNameSubstitutor' and 'PrefixingImageNameSubstitutor')
2025-01-30T15:32:45.198+09:00  INFO 22108 --- [demo] [    Test worker] org.testcontainers.DockerClientFactory   : Testcontainers version: 1.20.4
2025-01-30T15:32:45.388+09:00  INFO 22108 --- [demo] [    Test worker] o.t.d.DockerClientProviderStrategy       : Loaded org.testcontainers.dockerclient.NpipeSocketClientProviderStrategy from ~/.testcontainers.properties, will try it first
2025-01-30T15:32:45.660+09:00  INFO 22108 --- [demo] [    Test worker] o.t.d.DockerClientProviderStrategy       : Found Docker environment with local Npipe socket (npipe:////./pipe/docker_engine)
2025-01-30T15:32:45.661+09:00  INFO 22108 --- [demo] [    Test worker] org.testcontainers.DockerClientFactory   : Docker host IP address is localhost
2025-01-30T15:32:45.677+09:00  INFO 22108 --- [demo] [    Test worker] org.testcontainers.DockerClientFactory   : Connected to docker: 
  Server Version: 27.4.0
  API Version: 1.47
  Operating System: Docker Desktop
  Total Memory: 7893 MB
  Labels: 
    com.docker.desktop.address=npipe://\\.\pipe\docker_cli
2025-01-30T15:32:45.764+09:00  INFO 22108 --- [demo] [    Test worker] tc.testcontainers/ryuk:0.11.0            : Creating container for image: testcontainers/ryuk:0.11.0
2025-01-30T15:32:46.058+09:00  INFO 22108 --- [demo] [    Test worker] tc.testcontainers/ryuk:0.11.0            : Container testcontainers/ryuk:0.11.0 is starting: 5bf06dffc4b4af962428a2b0c7f0c9d8cc94bf3dbd968d5fc779fc4e8f625854
2025-01-30T15:32:46.546+09:00  INFO 22108 --- [demo] [    Test worker] tc.testcontainers/ryuk:0.11.0            : Container testcontainers/ryuk:0.11.0 started in PT0.7816216S
2025-01-30T15:32:46.552+09:00  INFO 22108 --- [demo] [    Test worker] o.t.utility.RyukResourceReaper           : Ryuk started - will monitor and terminate Testcontainers containers on JVM exit
2025-01-30T15:32:46.553+09:00  INFO 22108 --- [demo] [    Test worker] org.testcontainers.DockerClientFactory   : Checking the system...
2025-01-30T15:32:46.554+09:00  INFO 22108 --- [demo] [    Test worker] org.testcontainers.DockerClientFactory   : ✔︎ Docker server version should be at least 1.6.0
2025-01-30T15:32:46.557+09:00  INFO 22108 --- [demo] [    Test worker] tc.mysql:latest                          : Creating container for image: mysql:latest
2025-01-30T15:32:46.790+09:00  INFO 22108 --- [demo] [    Test worker] tc.mysql:latest                          : Container mysql:latest is starting: 1eec136ec41e0fc6c57df461a0dec9e25204288707a1774b7aea4b180c0db3ae
2025-01-30T15:32:47.212+09:00  INFO 22108 --- [demo] [    Test worker] tc.mysql:latest                          : Waiting for database connection to become available at jdbc:mysql://localhost:10763/test using query 'SELECT 1'
2025-01-30T15:32:58.938+09:00  INFO 22108 --- [demo] [    Test worker] tc.mysql:latest                          : Container mysql:latest started in PT12.3809027S
2025-01-30T15:32:58.938+09:00  INFO 22108 --- [demo] [    Test worker] tc.mysql:latest                          : Container is started (JDBC URL: jdbc:mysql://localhost:10763/test)
2025-01-30T15:32:59.101+09:00  INFO 22108 --- [demo] [    Test worker] o.hibernate.jpa.internal.util.LogHelper  : HHH000204: Processing PersistenceUnitInfo [name: default]
2025-01-30T15:32:59.197+09:00  INFO 22108 --- [demo] [    Test worker] org.hibernate.Version                    : HHH000412: Hibernate ORM core version 6.6.4.Final
2025-01-30T15:32:59.246+09:00  INFO 22108 --- [demo] [    Test worker] o.h.c.internal.RegionFactoryInitiator    : HHH000026: Second-level cache disabled
2025-01-30T15:32:59.595+09:00  INFO 22108 --- [demo] [    Test worker] o.s.o.j.p.SpringPersistenceUnitInfo      : No LoadTimeWeaver setup: ignoring JPA class transformer
2025-01-30T15:32:59.633+09:00  INFO 22108 --- [demo] [    Test worker] com.zaxxer.hikari.HikariDataSource       : HikariPool-1 - Starting...
2025-01-30T15:32:59.761+09:00  INFO 22108 --- [demo] [    Test worker] com.zaxxer.hikari.pool.HikariPool        : HikariPool-1 - Added connection com.mysql.cj.jdbc.ConnectionImpl@c02a1be
2025-01-30T15:32:59.762+09:00  INFO 22108 --- [demo] [    Test worker] com.zaxxer.hikari.HikariDataSource       : HikariPool-1 - Start completed.
2025-01-30T15:32:59.859+09:00  INFO 22108 --- [demo] [    Test worker] org.hibernate.orm.connections.pooling    : HHH10001005: Database info:
	Database JDBC URL [Connecting through datasource 'HikariDataSource (HikariPool-1)']
	Database driver: undefined/unknown
	Database version: 9.2
	Autocommit mode: undefined/unknown
	Isolation level: undefined/unknown
	Minimum pool size: undefined/unknown
	Maximum pool size: undefined/unknown
2025-01-30T15:33:00.745+09:00  INFO 22108 --- [demo] [    Test worker] o.h.e.t.j.p.i.JtaPlatformInitiator       : HHH000489: No JTA platform available (set 'hibernate.transaction.jta.platform' to enable JTA platform integration)
2025-01-30T15:33:00.911+09:00  INFO 22108 --- [demo] [    Test worker] j.LocalContainerEntityManagerFactoryBean : Initialized JPA EntityManagerFactory for persistence unit 'default'
2025-01-30T15:33:01.332+09:00  INFO 22108 --- [demo] [    Test worker] o.s.d.j.r.query.QueryEnhancerFactory     : Hibernate is in classpath; If applicable, HQL parser will be used.
2025-01-30T15:33:01.503+09:00  WARN 22108 --- [demo] [    Test worker] JpaBaseConfiguration$JpaWebConfiguration : spring.jpa.open-in-view is enabled by default. Therefore, database queries may be performed during view rendering. Explicitly configure spring.jpa.open-in-view to disable this warning
2025-01-30T15:33:01.935+09:00  INFO 22108 --- [demo] [    Test worker] com.example.demo.DemoApplicationTests    : Started DemoApplicationTests in 18.252 seconds (process running for 19.566)
]]></system-out>
  <system-err><![CDATA[]]></system-err>
</testsuite>
