<?xml version="1.0" encoding="UTF-8"?>
<testsuite name="com.example.demo.DemoApplicationTests" tests="1" skipped="0" failures="0" errors="0" timestamp="2025-02-09T16:57:46" hostname="DESKTOP-5AUDUKS" time="0.239">
  <properties/>
  <testcase name="transfer should return true when successful()" classname="com.example.demo.DemoApplicationTests" time="0.239"/>
  <system-out><![CDATA[01:57:25.744 [Test worker] INFO org.springframework.test.context.support.AnnotationConfigContextLoaderUtils -- Could not detect default configuration classes for test class [com.example.demo.DemoApplicationTests]: DemoApplicationTests does not declare any static, non-private, non-final, nested classes annotated with @Configuration.
01:57:25.925 [Test worker] INFO org.springframework.boot.test.context.SpringBootTestContextBootstrapper -- Found @SpringBootConfiguration com.example.demo.LoginApplication for test class com.example.demo.DemoApplicationTests

  .   ____          _            __ _ _
 /\\ / ___'_ __ _ _(_)_ __  __ _ \ \ \ \
( ( )\___ | '_ | '_| | '_ \/ _` | \ \ \ \
 \\/  ___)| |_)| | | | | || (_| |  ) ) ) )
  '  |____| .__|_| |_|_| |_\__, | / / / /
 =========|_|==============|___/=/_/_/_/

 :: Spring Boot ::                (v3.4.1)

2025-02-10T01:57:26.390+09:00  INFO 21588 --- [demo] [    Test worker] com.example.demo.DemoApplicationTests    : Starting DemoApplicationTests using Java 17.0.13 with PID 21588 (started by my in C:\Users\my\Downloads\login_spring\demo)
2025-02-10T01:57:26.392+09:00  INFO 21588 --- [demo] [    Test worker] com.example.demo.DemoApplicationTests    : No active profile set, falling back to 1 default profile: "default"
2025-02-10T01:57:27.483+09:00  INFO 21588 --- [demo] [    Test worker] .s.d.r.c.RepositoryConfigurationDelegate : Bootstrapping Spring Data JPA repositories in DEFAULT mode.
2025-02-10T01:57:27.544+09:00  INFO 21588 --- [demo] [    Test worker] .s.d.r.c.RepositoryConfigurationDelegate : Finished Spring Data repository scanning in 49 ms. Found 1 JPA repository interface.
2025-02-10T01:57:27.917+09:00  INFO 21588 --- [demo] [    Test worker] org.testcontainers.images.PullPolicy     : Image pull policy will be performed by: DefaultPullPolicy()
2025-02-10T01:57:27.921+09:00  INFO 21588 --- [demo] [    Test worker] o.t.utility.ImageNameSubstitutor         : Image name substitution will be performed by: DefaultImageNameSubstitutor (composite of 'ConfigurationFileImageNameSubstitutor' and 'PrefixingImageNameSubstitutor')
2025-02-10T01:57:27.946+09:00  INFO 21588 --- [demo] [    Test worker] org.testcontainers.DockerClientFactory   : Testcontainers version: 1.20.4
2025-02-10T01:57:28.181+09:00  INFO 21588 --- [demo] [    Test worker] o.t.d.DockerClientProviderStrategy       : Loaded org.testcontainers.dockerclient.NpipeSocketClientProviderStrategy from ~/.testcontainers.properties, will try it first
2025-02-10T01:57:28.484+09:00  INFO 21588 --- [demo] [    Test worker] o.t.d.DockerClientProviderStrategy       : Found Docker environment with local Npipe socket (npipe:////./pipe/docker_engine)
2025-02-10T01:57:28.486+09:00  INFO 21588 --- [demo] [    Test worker] org.testcontainers.DockerClientFactory   : Docker host IP address is localhost
2025-02-10T01:57:28.497+09:00  INFO 21588 --- [demo] [    Test worker] org.testcontainers.DockerClientFactory   : Connected to docker: 
  Server Version: 27.4.0
  API Version: 1.47
  Operating System: Docker Desktop
  Total Memory: 7893 MB
  Labels: 
    com.docker.desktop.address=npipe://\\.\pipe\docker_cli
2025-02-10T01:57:28.518+09:00  INFO 21588 --- [demo] [    Test worker] tc.testcontainers/ryuk:0.11.0            : Creating container for image: testcontainers/ryuk:0.11.0
2025-02-10T01:57:29.011+09:00  INFO 21588 --- [demo] [    Test worker] tc.testcontainers/ryuk:0.11.0            : Container testcontainers/ryuk:0.11.0 is starting: 52f42f424a8c1e4d13721bec93ce778ca89f1ece3fadaa67f602702bd4d8c865
2025-02-10T01:57:29.895+09:00  INFO 21588 --- [demo] [    Test worker] tc.testcontainers/ryuk:0.11.0            : Container testcontainers/ryuk:0.11.0 started in PT1.3765736S
2025-02-10T01:57:29.901+09:00  INFO 21588 --- [demo] [    Test worker] o.t.utility.RyukResourceReaper           : Ryuk started - will monitor and terminate Testcontainers containers on JVM exit
2025-02-10T01:57:29.902+09:00  INFO 21588 --- [demo] [    Test worker] org.testcontainers.DockerClientFactory   : Checking the system...
2025-02-10T01:57:29.902+09:00  INFO 21588 --- [demo] [    Test worker] org.testcontainers.DockerClientFactory   : ✔︎ Docker server version should be at least 1.6.0
2025-02-10T01:57:29.905+09:00  INFO 21588 --- [demo] [    Test worker] tc.mysql:latest                          : Creating container for image: mysql:latest
2025-02-10T01:57:30.118+09:00  INFO 21588 --- [demo] [    Test worker] tc.mysql:latest                          : Container mysql:latest is starting: 17e67292c6760d9a38447722327c61779a8662e8ca6832e4fee3893cc3c2c51e
2025-02-10T01:57:30.551+09:00  INFO 21588 --- [demo] [    Test worker] tc.mysql:latest                          : Waiting for database connection to become available at jdbc:mysql://localhost:13731/test using query 'SELECT 1'
2025-02-10T01:57:42.716+09:00  INFO 21588 --- [demo] [    Test worker] tc.mysql:latest                          : Container mysql:latest started in PT12.810789S
2025-02-10T01:57:42.717+09:00  INFO 21588 --- [demo] [    Test worker] tc.mysql:latest                          : Container is started (JDBC URL: jdbc:mysql://localhost:13731/test)
2025-02-10T01:57:42.888+09:00  INFO 21588 --- [demo] [    Test worker] o.hibernate.jpa.internal.util.LogHelper  : HHH000204: Processing PersistenceUnitInfo [name: default]
2025-02-10T01:57:42.964+09:00  INFO 21588 --- [demo] [    Test worker] org.hibernate.Version                    : HHH000412: Hibernate ORM core version 6.6.4.Final
2025-02-10T01:57:43.012+09:00  INFO 21588 --- [demo] [    Test worker] o.h.c.internal.RegionFactoryInitiator    : HHH000026: Second-level cache disabled
2025-02-10T01:57:43.401+09:00  INFO 21588 --- [demo] [    Test worker] o.s.o.j.p.SpringPersistenceUnitInfo      : No LoadTimeWeaver setup: ignoring JPA class transformer
2025-02-10T01:57:43.442+09:00  INFO 21588 --- [demo] [    Test worker] com.zaxxer.hikari.HikariDataSource       : HikariPool-1 - Starting...
2025-02-10T01:57:43.644+09:00  INFO 21588 --- [demo] [    Test worker] com.zaxxer.hikari.pool.HikariPool        : HikariPool-1 - Added connection com.mysql.cj.jdbc.ConnectionImpl@3d99d327
2025-02-10T01:57:43.646+09:00  INFO 21588 --- [demo] [    Test worker] com.zaxxer.hikari.HikariDataSource       : HikariPool-1 - Start completed.
2025-02-10T01:57:43.730+09:00  INFO 21588 --- [demo] [    Test worker] org.hibernate.orm.connections.pooling    : HHH10001005: Database info:
	Database JDBC URL [Connecting through datasource 'HikariDataSource (HikariPool-1)']
	Database driver: undefined/unknown
	Database version: 9.2
	Autocommit mode: undefined/unknown
	Isolation level: undefined/unknown
	Minimum pool size: undefined/unknown
	Maximum pool size: undefined/unknown
2025-02-10T01:57:44.669+09:00  INFO 21588 --- [demo] [    Test worker] o.h.e.t.j.p.i.JtaPlatformInitiator       : HHH000489: No JTA platform available (set 'hibernate.transaction.jta.platform' to enable JTA platform integration)
2025-02-10T01:57:44.859+09:00  INFO 21588 --- [demo] [    Test worker] j.LocalContainerEntityManagerFactoryBean : Initialized JPA EntityManagerFactory for persistence unit 'default'
2025-02-10T01:57:45.331+09:00  INFO 21588 --- [demo] [    Test worker] o.s.d.j.r.query.QueryEnhancerFactory     : Hibernate is in classpath; If applicable, HQL parser will be used.
2025-02-10T01:57:45.529+09:00  WARN 21588 --- [demo] [    Test worker] JpaBaseConfiguration$JpaWebConfiguration : spring.jpa.open-in-view is enabled by default. Therefore, database queries may be performed during view rendering. Explicitly configure spring.jpa.open-in-view to disable this warning
2025-02-10T01:57:45.998+09:00  INFO 21588 --- [demo] [    Test worker] com.example.demo.DemoApplicationTests    : Started DemoApplicationTests in 19.91 seconds (process running for 23.922)
]]></system-out>
  <system-err><![CDATA[]]></system-err>
</testsuite>
